0 info it worked if it ends with ok
1 verbose cli [ '/usr/bin/nodejs', '/usr/bin/npm', 'run', 'prod' ]
2 info using npm@3.10.10
3 info using node@v6.11.0
4 verbose run-script [ 'preprod', 'prod', 'postprod' ]
5 info lifecycle kylebonar-react@1.0.0~preprod: kylebonar-react@1.0.0
6 silly lifecycle kylebonar-react@1.0.0~preprod: no script for preprod, continuing
7 info lifecycle kylebonar-react@1.0.0~prod: kylebonar-react@1.0.0
8 verbose lifecycle kylebonar-react@1.0.0~prod: unsafe-perm in lifecycle true
9 verbose lifecycle kylebonar-react@1.0.0~prod: PATH: /usr/lib/node_modules/npm/bin/node-gyp-bin:/home/kylebonar-react/node_modules/.bin:/usr/local/sbin:/usr/local/bin:/usr/sbin:/usr/bin:/sbin:/bin:/snap/bin
10 verbose lifecycle kylebonar-react@1.0.0~prod: CWD: /home/kylebonar-react
11 silly lifecycle kylebonar-react@1.0.0~prod: Args: [ '-c', 'rm -rf dist/ && webpack -p && node server.js' ]
12 silly lifecycle kylebonar-react@1.0.0~prod: Returned: code: 2  signal: null
13 info lifecycle kylebonar-react@1.0.0~prod: Failed to exec prod script
14 verbose stack Error: kylebonar-react@1.0.0 prod: `rm -rf dist/ && webpack -p && node server.js`
14 verbose stack Exit status 2
14 verbose stack     at EventEmitter.<anonymous> (/usr/lib/node_modules/npm/lib/utils/lifecycle.js:255:16)
14 verbose stack     at emitTwo (events.js:106:13)
14 verbose stack     at EventEmitter.emit (events.js:191:7)
14 verbose stack     at ChildProcess.<anonymous> (/usr/lib/node_modules/npm/lib/utils/spawn.js:40:14)
14 verbose stack     at emitTwo (events.js:106:13)
14 verbose stack     at ChildProcess.emit (events.js:191:7)
14 verbose stack     at maybeClose (internal/child_process.js:891:16)
14 verbose stack     at Process.ChildProcess._handle.onexit (internal/child_process.js:226:5)
15 verbose pkgid kylebonar-react@1.0.0
16 verbose cwd /home/kylebonar-react
17 error Linux 4.4.0-78-generic
18 error argv "/usr/bin/nodejs" "/usr/bin/npm" "run" "prod"
19 error node v6.11.0
20 error npm  v3.10.10
21 error code ELIFECYCLE
22 error kylebonar-react@1.0.0 prod: `rm -rf dist/ && webpack -p && node server.js`
22 error Exit status 2
23 error Failed at the kylebonar-react@1.0.0 prod script 'rm -rf dist/ && webpack -p && node server.js'.
23 error Make sure you have the latest version of node.js and npm installed.
23 error If you do, this is most likely a problem with the kylebonar-react package,
23 error not with npm itself.
23 error Tell the author that this fails on your system:
23 error     rm -rf dist/ && webpack -p && node server.js
23 error You can get information on how to open an issue for this project with:
23 error     npm bugs kylebonar-react
23 error Or if that isn't available, you can get their info via:
23 error     npm owner ls kylebonar-react
23 error There is likely additional logging output above.
24 verbose exit [ 1, true ]
